[2025-11-30 12:18:48] [IDENTITY] [INFO] Identity verified from identity.txt
[2025-11-30 12:18:48] [CONSENT] [INFO] Consent verified from consent.txt
[2025-11-30 12:42:15] [IDENTITY] [INFO] Identity verified from identity.txt
[2025-11-30 12:42:15] [CONSENT] [INFO] Consent verified from consent.txt with 2 approved target(s).
[2025-11-30 16:32:47] [IDENTITY] [INFO] Identity verified from identity.txt
[2025-11-30 16:32:47] [CONSENT] [INFO] Consent verified from consent.txt with 2 approved target(s).
[2025-11-30 18:24:40] [IDENTITY] [INFO] Identity verified from identity.txt
[2025-11-30 18:24:40] [CONSENT] [INFO] Consent verified from consent.txt with 2 approved target(s).
[2025-11-30 18:38:34] [IDENTITY] [INFO] Identity verified from identity.txt
[2025-11-30 18:38:34] [CONSENT] [INFO] Consent verified from consent.txt with 2 approved target(s).
[2025-11-30 18:38:57] [register] [INFO] User Mutaal registered successfully
[2025-11-30 18:39:21] [register] [WARNING] Duplicate username: Mutaal
[2025-11-30 18:39:37] [register] [WARNING] Weak password attempt by Yahya
[2025-11-30 18:57:22] [IDENTITY] [INFO] Identity verified from identity.txt
[2025-11-30 18:57:22] [CONSENT] [INFO] Consent verified from consent.txt with 2 approved target(s).
[2025-11-30 19:01:54] [IDENTITY] [INFO] Identity verified from identity.txt
[2025-11-30 19:01:54] [CONSENT] [INFO] Consent verified from consent.txt with 2 approved target(s).
[2025-11-30 19:38:15] [IDENTITY] [ERROR] Identity missing or empty
[2025-11-30 19:39:03] [IDENTITY] [ERROR] Identity missing or empty
[2025-11-30 20:01:39] [identity] [INFO] Identity verified successfully
[2025-11-30 20:01:39] [consent] [INFO] Consent verified successfully
[2025-11-30 20:02:21] [identity] [INFO] Identity verified successfully
[2025-11-30 20:02:21] [consent] [INFO] Consent verified successfully
[2025-11-30 20:23:11] [identity] [INFO] Identity verified successfully
[2025-11-30 20:23:11] [consent] [INFO] Consent verified successfully
[2025-11-30 20:23:17] [report] [INFO] Report generated at evidence/report_PHST.txt
